Sep  2 01:19:42 alarm sshd[314]: Server listening on 0.0.0.0 port 22.
Sep  2 01:19:45 alarm slim: PAM unable to dlopen(/usr/lib/security/pam_systemd.so): /usr/lib/security/pam_systemd.so: cannot open shared object file: No such file or directory
Sep  2 01:19:45 alarm slim: PAM adding faulty module: /usr/lib/security/pam_systemd.so
Sep  2 01:25:03 alarm slim: pam_unix(slim:session): session opened for user root by (uid=0)
Sep  2 01:25:08 alarm polkitd(authority=local): Registered Authentication Agent for unix-session:/org/freedesktop/ConsoleKit/Session1 (system bus name :1.6 [/usr/lib/polkit-gnome/polkit-gnome-authentication-agent-1], object path /org/gnome/PolicyKit1/AuthenticationAgent, locale en_US.UTF-8)
Sep  2 01:29:58 alarm sshd[314]: Received signal 15; terminating.
Sep  2 01:29:59 alarm polkitd(authority=local): Unregistered Authentication Agent for unix-session:/org/freedesktop/ConsoleKit/Session1 (system bus name :1.6, object path /org/gnome/PolicyKit1/AuthenticationAgent, locale en_US.UTF-8) (disconnected from bus)
Sep  2 01:36:46 alarm sshd[313]: Server listening on 0.0.0.0 port 22.
Sep  2 01:36:49 alarm slim: PAM unable to dlopen(/usr/lib/security/pam_systemd.so): /usr/lib/security/pam_systemd.so: cannot open shared object file: No such file or directory
Sep  2 01:36:49 alarm slim: PAM adding faulty module: /usr/lib/security/pam_systemd.so
Sep  2 01:37:12 alarm slim: pam_unix(slim:session): session opened for user root by (uid=0)
Sep  2 01:37:22 alarm polkitd(authority=local): Registered Authentication Agent for unix-session:/org/freedesktop/ConsoleKit/Session1 (system bus name :1.6 [/usr/lib/polkit-gnome/polkit-gnome-authentication-agent-1], object path /org/gnome/PolicyKit1/AuthenticationAgent, locale en_US.UTF-8)
Sep  2 01:40:26 alarm gnome-keyring-daemon[661]: couldn't set environment variable in session: The name org.gnome.SessionManager was not provided by any .service files
Sep  2 01:54:45 alarm sshd[313]: Received signal 15; terminating.
Sep  2 01:54:46 alarm polkitd(authority=local): Unregistered Authentication Agent for unix-session:/org/freedesktop/ConsoleKit/Session1 (system bus name :1.6, object path /org/gnome/PolicyKit1/AuthenticationAgent, locale en_US.UTF-8) (disconnected from bus)
Sep  2 01:55:46 alarm sshd[309]: Server listening on 0.0.0.0 port 22.
Sep  2 01:55:49 alarm slim: PAM unable to dlopen(/usr/lib/security/pam_systemd.so): /usr/lib/security/pam_systemd.so: cannot open shared object file: No such file or directory
Sep  2 01:55:49 alarm slim: PAM adding faulty module: /usr/lib/security/pam_systemd.so
Sep  2 01:56:27 alarm slim: pam_unix(slim:session): session opened for user root by (uid=0)
Sep  2 01:56:33 alarm polkitd(authority=local): Registered Authentication Agent for unix-session:/org/freedesktop/ConsoleKit/Session1 (system bus name :1.6 [/usr/lib/polkit-gnome/polkit-gnome-authentication-agent-1], object path /org/gnome/PolicyKit1/AuthenticationAgent, locale en_US.UTF-8)
Sep  2 02:01:01 alarm /usr/sbin/crond[704]: pam_unix(crond:session): session opened for user root by (uid=0)
Sep  2 02:01:01 alarm /USR/SBIN/CROND[704]: pam_unix(crond:session): session closed for user root
Sep  2 02:26:27 alarm sshd[309]: Received signal 15; terminating.
Sep  2 02:26:28 alarm polkitd(authority=local): Unregistered Authentication Agent for unix-session:/org/freedesktop/ConsoleKit/Session1 (system bus name :1.6, object path /org/gnome/PolicyKit1/AuthenticationAgent, locale en_US.UTF-8) (disconnected from bus)
Sep  2 02:37:25 alarm sshd[306]: Server listening on 0.0.0.0 port 22.
Sep  2 02:37:29 alarm slim: PAM unable to dlopen(/usr/lib/security/pam_systemd.so): /usr/lib/security/pam_systemd.so: cannot open shared object file: No such file or directory
Sep  2 02:37:29 alarm slim: PAM adding faulty module: /usr/lib/security/pam_systemd.so
Sep  2 02:38:09 alarm slim: pam_unix(slim:session): session opened for user root by (uid=0)
Sep  2 02:38:15 alarm polkitd(authority=local): Registered Authentication Agent for unix-session:/org/freedesktop/ConsoleKit/Session1 (system bus name :1.6 [/usr/lib/polkit-gnome/polkit-gnome-authentication-agent-1], object path /org/gnome/PolicyKit1/AuthenticationAgent, locale en_US.UTF-8)
Sep  2 02:42:37 alarm sshd[306]: Received signal 15; terminating.
Sep  2 02:42:38 alarm polkitd(authority=local): Unregistered Authentication Agent for unix-session:/org/freedesktop/ConsoleKit/Session1 (system bus name :1.6, object path /org/gnome/PolicyKit1/AuthenticationAgent, locale en_US.UTF-8) (disconnected from bus)
Sep  2 02:43:35 alarm sshd[312]: Server listening on 0.0.0.0 port 22.
Sep  2 02:43:38 alarm slim: PAM unable to dlopen(/usr/lib/security/pam_systemd.so): /usr/lib/security/pam_systemd.so: cannot open shared object file: No such file or directory
Sep  2 02:43:38 alarm slim: PAM adding faulty module: /usr/lib/security/pam_systemd.so
Sep  2 02:44:03 alarm slim: pam_unix(slim:session): session opened for user root by (uid=0)
Sep  2 02:44:14 alarm polkitd(authority=local): Registered Authentication Agent for unix-session:/org/freedesktop/ConsoleKit/Session1 (system bus name :1.6 [/usr/lib/polkit-gnome/polkit-gnome-authentication-agent-1], object path /org/gnome/PolicyKit1/AuthenticationAgent, locale en_US.UTF-8)
Sep  2 02:48:49 alarm sshd[312]: Received signal 15; terminating.
Sep  2 02:48:51 alarm polkitd(authority=local): Unregistered Authentication Agent for unix-session:/org/freedesktop/ConsoleKit/Session1 (system bus name :1.6, object path /org/gnome/PolicyKit1/AuthenticationAgent, locale en_US.UTF-8) (disconnected from bus)
Sep  2 02:49:52 alarm sshd[311]: Server listening on 0.0.0.0 port 22.
Sep  2 02:49:56 alarm slim: PAM unable to dlopen(/usr/lib/security/pam_systemd.so): /usr/lib/security/pam_systemd.so: cannot open shared object file: No such file or directory
Sep  2 02:49:56 alarm slim: PAM adding faulty module: /usr/lib/security/pam_systemd.so
Sep  2 02:50:29 alarm slim: pam_unix(slim:session): session opened for user root by (uid=0)
Sep  2 02:50:36 alarm polkitd(authority=local): Registered Authentication Agent for unix-session:/org/freedesktop/ConsoleKit/Session1 (system bus name :1.6 [/usr/lib/polkit-gnome/polkit-gnome-authentication-agent-1], object path /org/gnome/PolicyKit1/AuthenticationAgent, locale en_US.UTF-8)
Sep  2 03:01:01 alarm /usr/sbin/crond[911]: pam_unix(crond:session): session opened for user root by (uid=0)
Sep  2 03:01:01 alarm /USR/SBIN/CROND[911]: pam_unix(crond:session): session closed for user root
Sep  2 03:25:14 alarm sshd[311]: Received signal 15; terminating.
Sep  2 03:25:14 alarm polkitd(authority=local): Unregistered Authentication Agent for unix-session:/org/freedesktop/ConsoleKit/Session1 (system bus name :1.6, object path /org/gnome/PolicyKit1/AuthenticationAgent, locale en_US.UTF-8) (disconnected from bus)
Sep  2 01:26:13 sephWM sshd[311]: Server listening on 0.0.0.0 port 22.
Sep  2 01:26:17 sephWM slim: PAM unable to dlopen(/usr/lib/security/pam_systemd.so): /usr/lib/security/pam_systemd.so: cannot open shared object file: No such file or directory
Sep  2 01:26:17 sephWM slim: PAM adding faulty module: /usr/lib/security/pam_systemd.so
Sep  2 01:27:59 sephWM slim: pam_unix(slim:auth): check pass; user unknown
Sep  2 01:27:59 sephWM slim: pam_unix(slim:auth): authentication failure; logname= uid=0 euid=0 tty=:0.0 ruser=root rhost= 
Sep  2 01:28:06 sephWM slim: pam_unix(slim:session): session opened for user root by (uid=0)
Sep  2 01:28:11 sephWM polkitd(authority=local): Registered Authentication Agent for unix-session:/org/freedesktop/ConsoleKit/Session1 (system bus name :1.6 [/usr/lib/polkit-gnome/polkit-gnome-authentication-agent-1], object path /org/gnome/PolicyKit1/AuthenticationAgent, locale en_US.UTF-8)
Sep  2 01:38:59 sephWM sshd[311]: Received signal 15; terminating.
Sep  2 01:39:00 sephWM polkitd(authority=local): Unregistered Authentication Agent for unix-session:/org/freedesktop/ConsoleKit/Session1 (system bus name :1.6, object path /org/gnome/PolicyKit1/AuthenticationAgent, locale en_US.UTF-8) (disconnected from bus)
