Sep  2 01:19:41 alarm kernel: nand flash is not ready
Sep  2 01:19:41 alarm kernel: Reset err, nand device is not ready
Sep  2 01:19:41 alarm kernel: page per block not support
Sep  2 01:19:41 alarm kernel: WonderMedia CMOS camera register OK 
Sep  2 01:19:41 alarm /usr/sbin/crond[282]: (CRON) INFO (Syslog will be used instead of sendmail.): No such file or directory
Sep  2 01:19:45 alarm slim: PAM unable to dlopen(/usr/lib/security/pam_systemd.so): /usr/lib/security/pam_systemd.so: cannot open shared object file: No such file or directory
Sep  2 01:19:45 alarm slim: PAM adding faulty module: /usr/lib/security/pam_systemd.so
Sep  2 01:19:46 alarm NetworkManager[368]: <error> [1378102786.751715] [nm-device-ethernet.c:456] real_update_permanent_hw_address(): (eth0): unable to read permanent MAC address (error 95)
Sep  2 01:36:45 alarm kernel: nand flash is not ready
Sep  2 01:36:45 alarm kernel: Reset err, nand device is not ready
Sep  2 01:36:45 alarm kernel: page per block not support
Sep  2 01:36:45 alarm kernel: WonderMedia CMOS camera register OK 
Sep  2 01:36:45 alarm /usr/sbin/crond[279]: (CRON) INFO (Syslog will be used instead of sendmail.): No such file or directory
Sep  2 01:36:49 alarm slim: PAM unable to dlopen(/usr/lib/security/pam_systemd.so): /usr/lib/security/pam_systemd.so: cannot open shared object file: No such file or directory
Sep  2 01:36:49 alarm slim: PAM adding faulty module: /usr/lib/security/pam_systemd.so
Sep  2 01:36:50 alarm NetworkManager[367]: <error> [1378103810.255567] [nm-device-ethernet.c:456] real_update_permanent_hw_address(): (eth0): unable to read permanent MAC address (error 95)
Sep  2 01:40:03 alarm NetworkManager[367]: <error> [1378104003.542456] [nm-device-wifi.c:2590] real_update_permanent_hw_address(): (ra0): unable to read permanent MAC address (error 0)
Sep  2 01:41:34 alarm NetworkManager[367]: get_secret_flags: assertion `is_secret_prop (setting, secret_name, error)' failed
Sep  2 01:55:44 alarm kernel: nand flash is not ready
Sep  2 01:55:44 alarm kernel: Reset err, nand device is not ready
Sep  2 01:55:44 alarm kernel: page per block not support
Sep  2 01:55:44 alarm kernel: WonderMedia CMOS camera register OK 
Sep  2 01:55:45 alarm /usr/sbin/crond[277]: (CRON) INFO (Syslog will be used instead of sendmail.): No such file or directory
Sep  2 01:55:49 alarm slim: PAM unable to dlopen(/usr/lib/security/pam_systemd.so): /usr/lib/security/pam_systemd.so: cannot open shared object file: No such file or directory
Sep  2 01:55:49 alarm slim: PAM adding faulty module: /usr/lib/security/pam_systemd.so
Sep  2 01:55:50 alarm NetworkManager[365]: <error> [1378104950.431717] [nm-device-ethernet.c:456] real_update_permanent_hw_address(): (eth0): unable to read permanent MAC address (error 95)
Sep  2 01:57:46 alarm NetworkManager[365]: <error> [1378105066.627872] [nm-device-wifi.c:2590] real_update_permanent_hw_address(): (ra0): unable to read permanent MAC address (error 0)
Sep  2 02:25:28 alarm dhcpcd[607]: ra0: del_route: No such device
Sep  2 02:25:28 alarm dhcpcd[607]: del_address: No such device
Sep  2 02:25:28 alarm NetworkManager[365]: nm_system_iface_flush_routes: assertion `iface != NULL' failed
Sep  2 02:25:28 alarm NetworkManager[365]: <error> [1378106728.746148] [nm-system.c:687] nm_system_iface_get_flags(): (unknown): failed to get interface link object
Sep  2 02:25:40 alarm NetworkManager[365]: <error> [1378106740.294797] [nm-device-wifi.c:2590] real_update_permanent_hw_address(): (ra0): unable to read permanent MAC address (error 0)
Sep  2 02:37:24 alarm kernel: nand flash is not ready
Sep  2 02:37:24 alarm kernel: Reset err, nand device is not ready
Sep  2 02:37:24 alarm kernel: page per block not support
Sep  2 02:37:24 alarm kernel: WonderMedia CMOS camera register OK 
Sep  2 02:37:25 alarm /usr/sbin/crond[272]: (CRON) INFO (Syslog will be used instead of sendmail.): No such file or directory
Sep  2 02:37:29 alarm slim: PAM unable to dlopen(/usr/lib/security/pam_systemd.so): /usr/lib/security/pam_systemd.so: cannot open shared object file: No such file or directory
Sep  2 02:37:29 alarm slim: PAM adding faulty module: /usr/lib/security/pam_systemd.so
Sep  2 02:37:30 alarm NetworkManager[360]: <error> [1378107450.181223] [nm-device-ethernet.c:456] real_update_permanent_hw_address(): (eth0): unable to read permanent MAC address (error 95)
Sep  2 02:39:18 alarm NetworkManager[360]: <error> [1378107558.787870] [nm-device-wifi.c:2590] real_update_permanent_hw_address(): (ra0): unable to read permanent MAC address (error 0)
Sep  2 02:40:05 alarm dhcpcd[596]: ra0: del_route: No such device
Sep  2 02:40:05 alarm dhcpcd[596]: del_address: No such device
Sep  2 02:40:06 alarm NetworkManager[360]: nm_system_iface_flush_routes: assertion `iface != NULL' failed
Sep  2 02:40:06 alarm NetworkManager[360]: <error> [1378107606.246175] [nm-system.c:687] nm_system_iface_get_flags(): (unknown): failed to get interface link object
Sep  2 02:40:14 alarm NetworkManager[360]: <error> [1378107614.525575] [nm-device-wifi.c:2590] real_update_permanent_hw_address(): (ra0): unable to read permanent MAC address (error 0)
Sep  2 02:43:33 alarm kernel: nand flash is not ready
Sep  2 02:43:33 alarm kernel: Reset err, nand device is not ready
Sep  2 02:43:33 alarm kernel: page per block not support
Sep  2 02:43:33 alarm kernel: WonderMedia CMOS camera register OK 
Sep  2 02:43:34 alarm /usr/sbin/crond[278]: (CRON) INFO (Syslog will be used instead of sendmail.): No such file or directory
Sep  2 02:43:38 alarm slim: PAM unable to dlopen(/usr/lib/security/pam_systemd.so): /usr/lib/security/pam_systemd.so: cannot open shared object file: No such file or directory
Sep  2 02:43:38 alarm slim: PAM adding faulty module: /usr/lib/security/pam_systemd.so
Sep  2 02:43:39 alarm NetworkManager[366]: <error> [1378107819.366303] [nm-device-ethernet.c:456] real_update_permanent_hw_address(): (eth0): unable to read permanent MAC address (error 95)
Sep  2 02:46:10 alarm NetworkManager[366]: <error> [1378107970.948018] [nm-device-wifi.c:2590] real_update_permanent_hw_address(): (ra0): unable to read permanent MAC address (error 0)
Sep  2 02:47:00 alarm dhcpcd[629]: ra0: del_route: No such device
Sep  2 02:47:00 alarm dhcpcd[629]: del_address: No such device
Sep  2 02:47:01 alarm NetworkManager[366]: nm_system_iface_flush_routes: assertion `iface != NULL' failed
Sep  2 02:47:01 alarm NetworkManager[366]: <error> [1378108021.134914] [nm-system.c:687] nm_system_iface_get_flags(): (unknown): failed to get interface link object
Sep  2 02:47:12 alarm NetworkManager[366]: <error> [1378108032.55269] [nm-device-wifi.c:2590] real_update_permanent_hw_address(): (ra0): unable to read permanent MAC address (error 0)
Sep  2 02:49:51 alarm kernel: nand flash is not ready
Sep  2 02:49:51 alarm kernel: Reset err, nand device is not ready
Sep  2 02:49:51 alarm kernel: page per block not support
Sep  2 02:49:51 alarm kernel: WonderMedia CMOS camera register OK 
Sep  2 02:49:52 alarm /usr/sbin/crond[279]: (CRON) INFO (Syslog will be used instead of sendmail.): No such file or directory
Sep  2 02:49:56 alarm slim: PAM unable to dlopen(/usr/lib/security/pam_systemd.so): /usr/lib/security/pam_systemd.so: cannot open shared object file: No such file or directory
Sep  2 02:49:56 alarm slim: PAM adding faulty module: /usr/lib/security/pam_systemd.so
Sep  2 02:49:57 alarm NetworkManager[367]: <error> [1378108197.311048] [nm-device-ethernet.c:456] real_update_permanent_hw_address(): (eth0): unable to read permanent MAC address (error 95)
Sep  2 02:51:14 alarm NetworkManager[367]: <error> [1378108274.933166] [nm-device-wifi.c:2590] real_update_permanent_hw_address(): (ra0): unable to read permanent MAC address (error 0)
Sep  2 02:51:24 alarm NetworkManager[367]: nm_system_iface_flush_routes: assertion `iface != NULL' failed
Sep  2 02:51:25 alarm NetworkManager[367]: <error> [1378108285.16760] [nm-system.c:687] nm_system_iface_get_flags(): (unknown): failed to get interface link object
Sep  2 02:51:28 alarm NetworkManager[367]: <error> [1378108288.246848] [nm-device-wifi.c:2590] real_update_permanent_hw_address(): (ra0): unable to read permanent MAC address (error 0)
Sep  2 01:26:12 sephWM kernel: nand flash is not ready
Sep  2 01:26:12 sephWM kernel: Reset err, nand device is not ready
Sep  2 01:26:12 sephWM kernel: page per block not support
Sep  2 01:26:12 sephWM kernel: WonderMedia CMOS camera register OK 
Sep  2 01:26:13 sephWM /usr/sbin/crond[279]: (CRON) INFO (Syslog will be used instead of sendmail.): No such file or directory
Sep  2 01:26:17 sephWM slim: PAM unable to dlopen(/usr/lib/security/pam_systemd.so): /usr/lib/security/pam_systemd.so: cannot open shared object file: No such file or directory
Sep  2 01:26:17 sephWM slim: PAM adding faulty module: /usr/lib/security/pam_systemd.so
Sep  2 01:26:18 sephWM NetworkManager[367]: <error> [1378110378.172282] [nm-device-ethernet.c:456] real_update_permanent_hw_address(): (eth0): unable to read permanent MAC address (error 95)
Sep  2 01:36:08 sephWM NetworkManager[367]: <error> [1378110968.245061] [nm-device-wifi.c:2590] real_update_permanent_hw_address(): (ra0): unable to read permanent MAC address (error 0)
Sep  2 01:36:18 sephWM NetworkManager[367]: nm_system_iface_flush_routes: assertion `iface != NULL' failed
Sep  2 01:36:18 sephWM NetworkManager[367]: <error> [1378110978.303206] [nm-system.c:687] nm_system_iface_get_flags(): (unknown): failed to get interface link object
Sep  2 01:36:21 sephWM NetworkManager[367]: <error> [1378110981.417061] [nm-device-wifi.c:2590] real_update_permanent_hw_address(): (ra0): unable to read permanent MAC address (error 0)
